<?xml version="1.0" encoding="UTF-8"?>
<!-- Generated by org.testng.reporters.JUnitXMLReporter -->
<testsuite hostname="manju-PC" ignored="0" name="Test" tests="3" failures="2" timestamp="20 Aug 2018 17:50:11 GMT" time="399.558" errors="0">
  <testcase name="healCheck" time="352.984" classname="consoles.ProdR3"/>
  <testcase name="healCheck" time="24.699" classname="consoles.Spireon">
    <failure type="java.lang.NullPointerException">
      <![CDATA[java.lang.NullPointerException
at consoles.Spireon.healCheck(Spireon.java:127)
... Removed 25 stack frames]]>
    </failure>
  </testcase> <!-- healCheck -->
  <testcase name="healCheck" time="21.593" classname="consoles.Afcsushi">
    <failure type="java.lang.NullPointerException">
      <![CDATA[java.lang.NullPointerException
at consoles.Afcsushi.healCheck(Afcsushi.java:126)
... Removed 25 stack frames]]>
    </failure>
  </testcase> <!-- healCheck -->
</testsuite> <!-- Test -->
