<?xml version="1.0" encoding="UTF-8"?>
<testsuite name="TestSuite" time="8.671" tests="3" errors="0" skipped="0" failures="3">
  <properties>
[...]
</properties>
  <testcase name="healCheck" classname="consoles.Afcsushi" time="2.084">
    <failure message="An unknown server-side error occurred while processing the command. Original error: The desired should not include both of an &apos;appPackage&apos; and a &apos;browserName&apos; (WARNING: The server did not provide any stacktrace information)&#10;Command duration or timeout: 813 milliseconds&#10;Build info: version: &apos;2.53.1&apos;, revision: &apos;a36b8b1cd5757287168e54b817830adce9b0158d&apos;, time: &apos;2016-06-30 19:26:09&apos;&#10;System info: host: &apos;manju-PC&apos;, ip: &apos;192.168.0.106&apos;, os.name: &apos;Windows 7&apos;, os.arch: &apos;amd64&apos;, os.version: &apos;6.1&apos;, java.version: &apos;1.8.0_111&apos;&#10;Driver info: io.appium.java_client.android.AndroidDriver" type="org.openqa.selenium.WebDriverException"><![CDATA[org.openqa.selenium.WebDriverException: An unknown server-side error occurred while processing the command. Original error: The desired should not include both of an 'appPackage' and a 'browserName' (WARNING: The server did not provide any stacktrace information)
Command duration or timeout: 813 milliseconds
Build info: version: '2.53.1', revision: 'a36b8b1cd5757287168e54b817830adce9b0158d', time: '2016-06-30 19:26:09'
System info: host: 'manju-PC', ip: '192.168.0.106', os.name: 'Windows 7', os.arch: 'amd64', os.version: '6.1', java.version: '1.8.0_111'
Driver info: io.appium.java_client.android.AndroidDriver
	at sun.reflect.NativeConstructorAccessorImpl.newInstance0(Native Method)
	at sun.reflect.NativeConstructorAccessorImpl.newInstance(NativeConstructorAccessorImpl.java:62)
	at sun.reflect.DelegatingConstructorAccessorImpl.newInstance(DelegatingConstructorAccessorImpl.java:45)
	at java.lang.reflect.Constructor.newInstance(Constructor.java:423)
	at org.openqa.selenium.remote.ErrorHandler.createThrowable(ErrorHandler.java:206)
	at org.openqa.selenium.remote.ErrorHandler.throwIfResponseFailed(ErrorHandler.java:158)
	at org.openqa.selenium.remote.RemoteWebDriver.execute(RemoteWebDriver.java:678)
	at io.appium.java_client.DefaultGenericMobileDriver.execute(DefaultGenericMobileDriver.java:42)
	at io.appium.java_client.AppiumDriver.execute(AppiumDriver.java:1)
	at io.appium.java_client.android.AndroidDriver.execute(AndroidDriver.java:1)
	at org.openqa.selenium.remote.RemoteWebDriver.startSession(RemoteWebDriver.java:249)
	at org.openqa.selenium.remote.RemoteWebDriver.<init>(RemoteWebDriver.java:131)
	at org.openqa.selenium.remote.RemoteWebDriver.<init>(RemoteWebDriver.java:144)
	at io.appium.java_client.DefaultGenericMobileDriver.<init>(DefaultGenericMobileDriver.java:37)
	at io.appium.java_client.AppiumDriver.<init>(AppiumDriver.java:162)
	at io.appium.java_client.AppiumDriver.<init>(AppiumDriver.java:171)
	at io.appium.java_client.android.AndroidDriver.<init>(AndroidDriver.java:72)
	at consoles.Afcsushi.healCheck(Afcsushi.java:118)
]]></failure>
    <system-out><![CDATA[04-15-2020 16:31:30 RequestAddCookies.java DEBUG [Forwarding newSession on session null to remote] protocol.RequestAddCookies 122 - CookieSpec selected: best-match
04-15-2020 16:31:30 RequestAddCookies.java DEBUG [Forwarding newSession on session null to remote] protocol.RequestAddCookies 122 - CookieSpec selected: best-match
04-15-2020 16:31:30 RequestAddCookies.java DEBUG [Forwarding newSession on session null to remote] protocol.RequestAddCookies 122 - CookieSpec selected: best-match
04-15-2020 16:31:31 RequestAuthCache.java DEBUG [Forwarding newSession on session null to remote] protocol.RequestAuthCache 75 - Auth cache not set in the context
04-15-2020 16:31:31 RequestAuthCache.java DEBUG [Forwarding newSession on session null to remote] protocol.RequestAuthCache 75 - Auth cache not set in the context
04-15-2020 16:31:31 RequestAuthCache.java DEBUG [Forwarding newSession on session null to remote] protocol.RequestAuthCache 75 - Auth cache not set in the context
04-15-2020 16:31:31 PoolingHttpClientConnectionManager.java DEBUG [Forwarding newSession on session null to remote] conn.PoolingHttpClientConnectionManager 215 - Connection request: [route: {}->http://127.0.0.1:4723][total kept alive: 0; route allocated: 0 of 2000; total allocated: 0 of 2000]
04-15-2020 16:31:31 PoolingHttpClientConnectionManager.java DEBUG [Forwarding newSession on session null to remote] conn.PoolingHttpClientConnectionManager 246 - Connection leased: [id: 0][route: {}->http://127.0.0.1:4723][total kept alive: 0; route allocated: 1 of 2000; total allocated: 1 of 2000]
04-15-2020 16:31:31 PoolingHttpClientConnectionManager.java DEBUG [Forwarding newSession on session null to remote] conn.PoolingHttpClientConnectionManager 215 - Connection request: [route: {}->http://127.0.0.1:4723][total kept alive: 0; route allocated: 1 of 2000; total allocated: 1 of 2000]
04-15-2020 16:31:31 PoolingHttpClientConnectionManager.java DEBUG [Forwarding newSession on session null to remote] conn.PoolingHttpClientConnectionManager 246 - Connection leased: [id: 1][route: {}->http://127.0.0.1:4723][total kept alive: 0; route allocated: 2 of 2000; total allocated: 2 of 2000]
04-15-2020 16:31:31 MainClientExec.java DEBUG [Forwarding newSession on session null to remote] execchain.MainClientExec 217 - Opening connection {}->http://127.0.0.1:4723
04-15-2020 16:31:31 PoolingHttpClientConnectionManager.java DEBUG [Forwarding newSession on session null to remote] conn.PoolingHttpClientConnectionManager 215 - Connection request: [route: {}->http://127.0.0.1:4723][total kept alive: 0; route allocated: 1 of 2000; total allocated: 1 of 2000]
04-15-2020 16:31:31 PoolingHttpClientConnectionManager.java DEBUG [Forwarding newSession on session null to remote] conn.PoolingHttpClientConnectionManager 246 - Connection leased: [id: 2][route: {}->http://127.0.0.1:4723][total kept alive: 0; route allocated: 3 of 2000; total allocated: 3 of 2000]
04-15-2020 16:31:31 MainClientExec.java DEBUG [Forwarding newSession on session null to remote] execchain.MainClientExec 217 - Opening connection {}->http://127.0.0.1:4723
04-15-2020 16:31:31 MainClientExec.java DEBUG [Forwarding newSession on session null to remote] execchain.MainClientExec 217 - Opening connection {}->http://127.0.0.1:4723
04-15-2020 16:31:31 HttpClientConnectionOperator.java DEBUG [Forwarding newSession on session null to remote] conn.HttpClientConnectionOperator 113 - Connecting to /127.0.0.1:4723
04-15-2020 16:31:31 HttpClientConnectionOperator.java DEBUG [Forwarding newSession on session null to remote] conn.HttpClientConnectionOperator 113 - Connecting to /127.0.0.1:4723
04-15-2020 16:31:31 HttpClientConnectionOperator.java DEBUG [Forwarding newSession on session null to remote] conn.HttpClientConnectionOperator 113 - Connecting to /127.0.0.1:4723
04-15-2020 16:31:31 HttpClientConnectionOperator.java DEBUG [Forwarding newSession on session null to remote] conn.HttpClientConnectionOperator 127 - Connection established 127.0.0.1:51143<->127.0.0.1:4723
04-15-2020 16:31:31 MainClientExec.java DEBUG [Forwarding newSession on session null to remote] execchain.MainClientExec 238 - Executing request POST /wd/hub/session HTTP/1.1
04-15-2020 16:31:31 MainClientExec.java DEBUG [Forwarding newSession on session null to remote] execchain.MainClientExec 243 - Target auth state: UNCHALLENGED
04-15-2020 16:31:31 MainClientExec.java DEBUG [Forwarding newSession on session null to remote] execchain.MainClientExec 249 - Proxy auth state: UNCHALLENGED
04-15-2020 16:31:31 HttpClientConnectionOperator.java DEBUG [Forwarding newSession on session null to remote] conn.HttpClientConnectionOperator 127 - Connection established 127.0.0.1:51145<->127.0.0.1:4723
04-15-2020 16:31:31 MainClientExec.java DEBUG [Forwarding newSession on session null to remote] execchain.MainClientExec 238 - Executing request POST /wd/hub/session HTTP/1.1
04-15-2020 16:31:31 MainClientExec.java DEBUG [Forwarding newSession on session null to remote] execchain.MainClientExec 243 - Target auth state: UNCHALLENGED
04-15-2020 16:31:31 MainClientExec.java DEBUG [Forwarding newSession on session null to remote] execchain.MainClientExec 249 - Proxy auth state: UNCHALLENGED
04-15-2020 16:31:31 HttpClientConnectionOperator.java DEBUG [Forwarding newSession on session null to remote] conn.HttpClientConnectionOperator 127 - Connection established 127.0.0.1:51144<->127.0.0.1:4723
04-15-2020 16:31:31 MainClientExec.java DEBUG [Forwarding newSession on session null to remote] execchain.MainClientExec 238 - Executing request POST /wd/hub/session HTTP/1.1
04-15-2020 16:31:31 MainClientExec.java DEBUG [Forwarding newSession on session null to remote] execchain.MainClientExec 243 - Target auth state: UNCHALLENGED
04-15-2020 16:31:31 MainClientExec.java DEBUG [Forwarding newSession on session null to remote] execchain.MainClientExec 249 - Proxy auth state: UNCHALLENGED
04-15-2020 16:31:31 LoggingManagedHttpClientConnection.java DEBUG [Forwarding newSession on session null to remote] http.headers 124 - http-outgoing-0 >> POST /wd/hub/session HTTP/1.1
04-15-2020 16:31:31 LoggingManagedHttpClientConnection.java DEBUG [Forwarding newSession on session null to remote] http.headers 127 - http-outgoing-0 >> Content-Type: application/json; charset=utf-8
04-15-2020 16:31:31 LoggingManagedHttpClientConnection.java DEBUG [Forwarding newSession on session null to remote] http.headers 127 - http-outgoing-0 >> Content-Length: 386
04-15-2020 16:31:31 LoggingManagedHttpClientConnection.java DEBUG [Forwarding newSession on session null to remote] http.headers 127 - http-outgoing-0 >> Host: 127.0.0.1:4723
04-15-2020 16:31:31 LoggingManagedHttpClientConnection.java DEBUG [Forwarding newSession on session null to remote] http.headers 127 - http-outgoing-0 >> Connection: Keep-Alive
04-15-2020 16:31:31 LoggingManagedHttpClientConnection.java DEBUG [Forwarding newSession on session null to remote] http.headers 127 - http-outgoing-0 >> User-Agent: Apache-HttpClient/4.3.3 (java 1.5)
04-15-2020 16:31:31 LoggingManagedHttpClientConnection.java DEBUG [Forwarding newSession on session null to remote] http.headers 127 - http-outgoing-0 >> Accept-Encoding: gzip,deflate
04-15-2020 16:31:31 Wire.java DEBUG [Forwarding newSession on session null to remote] http.wire 72 - http-outgoing-0 >> "POST /wd/hub/session HTTP/1.1[\r][\n]"
04-15-2020 16:31:31 Wire.java DEBUG [Forwarding newSession on session null to remote] http.wire 72 - http-outgoing-0 >> "Content-Type: application/json; charset=utf-8[\r][\n]"
04-15-2020 16:31:31 Wire.java DEBUG [Forwarding newSession on session null to remote] http.wire 72 - http-outgoing-0 >> "Content-Length: 386[\r][\n]"
04-15-2020 16:31:31 Wire.java DEBUG [Forwarding newSession on session null to remote] http.wire 72 - http-outgoing-0 >> "Host: 127.0.0.1:4723[\r][\n]"
04-15-2020 16:31:31 Wire.java DEBUG [Forwarding newSession on session null to remote] http.wire 72 - http-outgoing-0 >> "Connection: Keep-Alive[\r][\n]"
04-15-2020 16:31:31 Wire.java DEBUG [Forwarding newSession on session null to remote] http.wire 72 - http-outgoing-0 >> "User-Agent: Apache-HttpClient/4.3.3 (java 1.5)[\r][\n]"
04-15-2020 16:31:31 Wire.java DEBUG [Forwarding newSession on session null to remote] http.wire 72 - http-outgoing-0 >> "Accept-Encoding: gzip,deflate[\r][\n]"
04-15-2020 16:31:31 Wire.java DEBUG [Forwarding newSession on session null to remote] http.wire 72 - http-outgoing-0 >> "[\r][\n]"
04-15-2020 16:31:31 Wire.java DEBUG [Forwarding newSession on session null to remote] http.wire 86 - http-outgoing-0 >> "{"desiredCapabilities":{"appPackage":"com.aetherpal.enterprise","noReset":false,"dontStopAppOnReset":false,"appWaitActivity":"com.aetherpal.smartcare.ValetScueActivity","version":"8.0.0","deviceName":"LGH931391140be","fullReset":false,"platform":"ANDROID","appActivity":"com.aetherpal.smartcare.ValetScueActivity","newCommandTimeout":0,"browserName":"android","platformName":"Android"}}"
04-15-2020 16:31:31 LoggingManagedHttpClientConnection.java DEBUG [Forwarding newSession on session null to remote] http.headers 124 - http-outgoing-1 >> POST /wd/hub/session HTTP/1.1
04-15-2020 16:31:31 LoggingManagedHttpClientConnection.java DEBUG [Forwarding newSession on session null to remote] http.headers 127 - http-outgoing-1 >> Content-Type: application/json; charset=utf-8
04-15-2020 16:31:31 LoggingManagedHttpClientConnection.java DEBUG [Forwarding newSession on session null to remote] http.headers 127 - http-outgoing-1 >> Content-Length: 386
04-15-2020 16:31:31 LoggingManagedHttpClientConnection.java DEBUG [Forwarding newSession on session null to remote] http.headers 127 - http-outgoing-1 >> Host: 127.0.0.1:4723
04-15-2020 16:31:31 LoggingManagedHttpClientConnection.java DEBUG [Forwarding newSession on session null to remote] http.headers 127 - http-outgoing-1 >> Connection: Keep-Alive
04-15-2020 16:31:31 LoggingManagedHttpClientConnection.java DEBUG [Forwarding newSession on session null to remote] http.headers 127 - http-outgoing-1 >> User-Agent: Apache-HttpClient/4.3.3 (java 1.5)
04-15-2020 16:31:31 LoggingManagedHttpClientConnection.java DEBUG [Forwarding newSession on session null to remote] http.headers 127 - http-outgoing-1 >> Accept-Encoding: gzip,deflate
04-15-2020 16:31:31 Wire.java DEBUG [Forwarding newSession on session null to remote] http.wire 72 - http-outgoing-1 >> "POST /wd/hub/session HTTP/1.1[\r][\n]"
04-15-2020 16:31:31 Wire.java DEBUG [Forwarding newSession on session null to remote] http.wire 72 - http-outgoing-1 >> "Content-Type: application/json; charset=utf-8[\r][\n]"
04-15-2020 16:31:31 Wire.java DEBUG [Forwarding newSession on session null to remote] http.wire 72 - http-outgoing-1 >> "Content-Length: 386[\r][\n]"
04-15-2020 16:31:31 Wire.java DEBUG [Forwarding newSession on session null to remote] http.wire 72 - http-outgoing-1 >> "Host: 127.0.0.1:4723[\r][\n]"
04-15-2020 16:31:31 Wire.java DEBUG [Forwarding newSession on session null to remote] http.wire 72 - http-outgoing-1 >> "Connection: Keep-Alive[\r][\n]"
04-15-2020 16:31:31 Wire.java DEBUG [Forwarding newSession on session null to remote] http.wire 72 - http-outgoing-1 >> "User-Agent: Apache-HttpClient/4.3.3 (java 1.5)[\r][\n]"
04-15-2020 16:31:31 Wire.java DEBUG [Forwarding newSession on session null to remote] http.wire 72 - http-outgoing-1 >> "Accept-Encoding: gzip,deflate[\r][\n]"
04-15-2020 16:31:31 Wire.java DEBUG [Forwarding newSession on session null to remote] http.wire 72 - http-outgoing-1 >> "[\r][\n]"
04-15-2020 16:31:31 Wire.java DEBUG [Forwarding newSession on session null to remote] http.wire 86 - http-outgoing-1 >> "{"desiredCapabilities":{"appPackage":"com.aetherpal.enterprise","noReset":false,"dontStopAppOnReset":false,"appWaitActivity":"com.aetherpal.smartcare.ValetScueActivity","version":"8.0.0","deviceName":"LGH931391140be","fullReset":false,"platform":"ANDROID","appActivity":"com.aetherpal.smartcare.ValetScueActivity","newCommandTimeout":0,"browserName":"android","platformName":"Android"}}"
04-15-2020 16:31:31 LoggingManagedHttpClientConnection.java DEBUG [Forwarding newSession on session null to remote] http.headers 124 - http-outgoing-2 >> POST /wd/hub/session HTTP/1.1
04-15-2020 16:31:31 LoggingManagedHttpClientConnection.java DEBUG [Forwarding newSession on session null to remote] http.headers 127 - http-outgoing-2 >> Content-Type: application/json; charset=utf-8
04-15-2020 16:31:31 LoggingManagedHttpClientConnection.java DEBUG [Forwarding newSession on session null to remote] http.headers 127 - http-outgoing-2 >> Content-Length: 386
04-15-2020 16:31:31 LoggingManagedHttpClientConnection.java DEBUG [Forwarding newSession on session null to remote] http.headers 127 - http-outgoing-2 >> Host: 127.0.0.1:4723
04-15-2020 16:31:31 LoggingManagedHttpClientConnection.java DEBUG [Forwarding newSession on session null to remote] http.headers 127 - http-outgoing-2 >> Connection: Keep-Alive
04-15-2020 16:31:31 LoggingManagedHttpClientConnection.java DEBUG [Forwarding newSession on session null to remote] http.headers 127 - http-outgoing-2 >> User-Agent: Apache-HttpClient/4.3.3 (java 1.5)
04-15-2020 16:31:31 LoggingManagedHttpClientConnection.java DEBUG [Forwarding newSession on session null to remote] http.headers 127 - http-outgoing-2 >> Accept-Encoding: gzip,deflate
04-15-2020 16:31:31 Wire.java DEBUG [Forwarding newSession on session null to remote] http.wire 72 - http-outgoing-2 >> "POST /wd/hub/session HTTP/1.1[\r][\n]"
04-15-2020 16:31:31 Wire.java DEBUG [Forwarding newSession on session null to remote] http.wire 72 - http-outgoing-2 >> "Content-Type: application/json; charset=utf-8[\r][\n]"
04-15-2020 16:31:31 Wire.java DEBUG [Forwarding newSession on session null to remote] http.wire 72 - http-outgoing-2 >> "Content-Length: 386[\r][\n]"
04-15-2020 16:31:31 Wire.java DEBUG [Forwarding newSession on session null to remote] http.wire 72 - http-outgoing-2 >> "Host: 127.0.0.1:4723[\r][\n]"
04-15-2020 16:31:31 Wire.java DEBUG [Forwarding newSession on session null to remote] http.wire 72 - http-outgoing-2 >> "Connection: Keep-Alive[\r][\n]"
04-15-2020 16:31:31 Wire.java DEBUG [Forwarding newSession on session null to remote] http.wire 72 - http-outgoing-2 >> "User-Agent: Apache-HttpClient/4.3.3 (java 1.5)[\r][\n]"
04-15-2020 16:31:31 Wire.java DEBUG [Forwarding newSession on session null to remote] http.wire 72 - http-outgoing-2 >> "Accept-Encoding: gzip,deflate[\r][\n]"
04-15-2020 16:31:31 Wire.java DEBUG [Forwarding newSession on session null to remote] http.wire 72 - http-outgoing-2 >> "[\r][\n]"
04-15-2020 16:31:31 Wire.java DEBUG [Forwarding newSession on session null to remote] http.wire 86 - http-outgoing-2 >> "{"desiredCapabilities":{"appPackage":"com.aetherpal.enterprise","noReset":false,"dontStopAppOnReset":false,"appWaitActivity":"com.aetherpal.smartcare.ValetScueActivity","version":"8.0.0","deviceName":"LGH931391140be","fullReset":false,"platform":"ANDROID","appActivity":"com.aetherpal.smartcare.ValetScueActivity","newCommandTimeout":0,"browserName":"android","platformName":"Android"}}"
04-15-2020 16:31:31 Wire.java DEBUG [Forwarding newSession on session null to remote] http.wire 72 - http-outgoing-1 << "HTTP/1.1 500 Internal Server Error[\r][\n]"
04-15-2020 16:31:31 Wire.java DEBUG [Forwarding newSession on session null to remote] http.wire 72 - http-outgoing-1 << "X-Powered-By: Express[\r][\n]"
04-15-2020 16:31:31 Wire.java DEBUG [Forwarding newSession on session null to remote] http.wire 72 - http-outgoing-1 << "Vary: X-HTTP-Method-Override[\r][\n]"
04-15-2020 16:31:31 Wire.java DEBUG [Forwarding newSession on session null to remote] http.wire 72 - http-outgoing-1 << "Content-Type: application/json; charset=utf-8[\r][\n]"
04-15-2020 16:31:31 Wire.java DEBUG [Forwarding newSession on session null to remote] http.wire 72 - http-outgoing-1 << "Content-Length: 211[\r][\n]"
04-15-2020 16:31:31 Wire.java DEBUG [Forwarding newSession on session null to remote] http.wire 72 - http-outgoing-1 << "ETag: W/"d3-xxfBrvFh8h9+6EL+pNHI6a3McW4"[\r][\n]"
04-15-2020 16:31:31 Wire.java DEBUG [Forwarding newSession on session null to remote] http.wire 72 - http-outgoing-1 << "Date: Wed, 15 Apr 2020 11:01:31 GMT[\r][\n]"
04-15-2020 16:31:31 Wire.java DEBUG [Forwarding newSession on session null to remote] http.wire 72 - http-outgoing-1 << "Connection: keep-alive[\r][\n]"
04-15-2020 16:31:31 Wire.java DEBUG [Forwarding newSession on session null to remote] http.wire 72 - http-outgoing-1 << "[\r][\n]"
04-15-2020 16:31:31 Wire.java DEBUG [Forwarding newSession on session null to remote] http.wire 86 - http-outgoing-1 << "{"status":13,"value":{"message":"An unknown server-side error occurred while processing the command. Original error: The desired should not include both of an 'appPackage' and a 'browserName'"},"sessionId":null}"
04-15-2020 16:31:31 Wire.java DEBUG [Forwarding newSession on session null to remote] http.wire 72 - http-outgoing-2 << "HTTP/1.1 500 Internal Server Error[\r][\n]"
04-15-2020 16:31:31 Wire.java DEBUG [Forwarding newSession on session null to remote] http.wire 72 - http-outgoing-2 << "X-Powered-By: Express[\r][\n]"
04-15-2020 16:31:31 Wire.java DEBUG [Forwarding newSession on session null to remote] http.wire 72 - http-outgoing-2 << "Vary: X-HTTP-Method-Override[\r][\n]"
04-15-2020 16:31:31 Wire.java DEBUG [Forwarding newSession on session null to remote] http.wire 72 - http-outgoing-2 << "Content-Type: application/json; charset=utf-8[\r][\n]"
04-15-2020 16:31:31 Wire.java DEBUG [Forwarding newSession on session null to remote] http.wire 72 - http-outgoing-2 << "Content-Length: 211[\r][\n]"
04-15-2020 16:31:31 Wire.java DEBUG [Forwarding newSession on session null to remote] http.wire 72 - http-outgoing-2 << "ETag: W/"d3-xxfBrvFh8h9+6EL+pNHI6a3McW4"[\r][\n]"
04-15-2020 16:31:31 Wire.java DEBUG [Forwarding newSession on session null to remote] http.wire 72 - http-outgoing-2 << "Date: Wed, 15 Apr 2020 11:01:31 GMT[\r][\n]"
04-15-2020 16:31:31 Wire.java DEBUG [Forwarding newSession on session null to remote] http.wire 72 - http-outgoing-2 << "Connection: keep-alive[\r][\n]"
04-15-2020 16:31:31 Wire.java DEBUG [Forwarding newSession on session null to remote] http.wire 72 - http-outgoing-2 << "[\r][\n]"
04-15-2020 16:31:31 Wire.java DEBUG [Forwarding newSession on session null to remote] http.wire 86 - http-outgoing-2 << "{"status":13,"value":{"message":"An unknown server-side error occurred while processing the command. Original error: The desired should not include both of an 'appPackage' and a 'browserName'"},"sessionId":null}"
04-15-2020 16:31:31 LoggingManagedHttpClientConnection.java DEBUG [Forwarding newSession on session null to remote] http.headers 113 - http-outgoing-2 << HTTP/1.1 500 Internal Server Error
04-15-2020 16:31:31 LoggingManagedHttpClientConnection.java DEBUG [Forwarding newSession on session null to remote] http.headers 116 - http-outgoing-2 << X-Powered-By: Express
04-15-2020 16:31:31 LoggingManagedHttpClientConnection.java DEBUG [Forwarding newSession on session null to remote] http.headers 116 - http-outgoing-2 << Vary: X-HTTP-Method-Override
04-15-2020 16:31:31 LoggingManagedHttpClientConnection.java DEBUG [Forwarding newSession on session null to remote] http.headers 113 - http-outgoing-1 << HTTP/1.1 500 Internal Server Error
04-15-2020 16:31:31 LoggingManagedHttpClientConnection.java DEBUG [Forwarding newSession on session null to remote] http.headers 116 - http-outgoing-1 << X-Powered-By: Express
04-15-2020 16:31:31 LoggingManagedHttpClientConnection.java DEBUG [Forwarding newSession on session null to remote] http.headers 116 - http-outgoing-1 << Vary: X-HTTP-Method-Override
04-15-2020 16:31:31 LoggingManagedHttpClientConnection.java DEBUG [Forwarding newSession on session null to remote] http.headers 116 - http-outgoing-1 << Content-Type: application/json; charset=utf-8
04-15-2020 16:31:31 LoggingManagedHttpClientConnection.java DEBUG [Forwarding newSession on session null to remote] http.headers 116 - http-outgoing-1 << Content-Length: 211
04-15-2020 16:31:31 LoggingManagedHttpClientConnection.java DEBUG [Forwarding newSession on session null to remote] http.headers 116 - http-outgoing-1 << ETag: W/"d3-xxfBrvFh8h9+6EL+pNHI6a3McW4"
04-15-2020 16:31:31 LoggingManagedHttpClientConnection.java DEBUG [Forwarding newSession on session null to remote] http.headers 116 - http-outgoing-1 << Date: Wed, 15 Apr 2020 11:01:31 GMT
04-15-2020 16:31:31 LoggingManagedHttpClientConnection.java DEBUG [Forwarding newSession on session null to remote] http.headers 116 - http-outgoing-1 << Connection: keep-alive
04-15-2020 16:31:31 LoggingManagedHttpClientConnection.java DEBUG [Forwarding newSession on session null to remote] http.headers 116 - http-outgoing-2 << Content-Type: application/json; charset=utf-8
04-15-2020 16:31:31 LoggingManagedHttpClientConnection.java DEBUG [Forwarding newSession on session null to remote] http.headers 116 - http-outgoing-2 << Content-Length: 211
04-15-2020 16:31:31 LoggingManagedHttpClientConnection.java DEBUG [Forwarding newSession on session null to remote] http.headers 116 - http-outgoing-2 << ETag: W/"d3-xxfBrvFh8h9+6EL+pNHI6a3McW4"
04-15-2020 16:31:31 LoggingManagedHttpClientConnection.java DEBUG [Forwarding newSession on session null to remote] http.headers 116 - http-outgoing-2 << Date: Wed, 15 Apr 2020 11:01:31 GMT
04-15-2020 16:31:31 LoggingManagedHttpClientConnection.java DEBUG [Forwarding newSession on session null to remote] http.headers 116 - http-outgoing-2 << Connection: keep-alive
04-15-2020 16:31:31 MainClientExec.java DEBUG [Forwarding newSession on session null to remote] execchain.MainClientExec 267 - Connection can be kept alive indefinitely
04-15-2020 16:31:31 MainClientExec.java DEBUG [Forwarding newSession on session null to remote] execchain.MainClientExec 267 - Connection can be kept alive indefinitely
04-15-2020 16:31:31 PoolingHttpClientConnectionManager.java DEBUG [Forwarding newSession on session null to remote] conn.PoolingHttpClientConnectionManager 276 - Connection [id: 2][route: {}->http://127.0.0.1:4723] can be kept alive indefinitely
04-15-2020 16:31:31 PoolingHttpClientConnectionManager.java DEBUG [Forwarding newSession on session null to remote] conn.PoolingHttpClientConnectionManager 282 - Connection released: [id: 2][route: {}->http://127.0.0.1:4723][total kept alive: 1; route allocated: 3 of 2000; total allocated: 3 of 2000]
04-15-2020 16:31:31 PoolingHttpClientConnectionManager.java DEBUG [Forwarding newSession on session null to remote] conn.PoolingHttpClientConnectionManager 276 - Connection [id: 1][route: {}->http://127.0.0.1:4723] can be kept alive indefinitely
04-15-2020 16:31:31 PoolingHttpClientConnectionManager.java DEBUG [Forwarding newSession on session null to remote] conn.PoolingHttpClientConnectionManager 282 - Connection released: [id: 1][route: {}->http://127.0.0.1:4723][total kept alive: 2; route allocated: 3 of 2000; total allocated: 3 of 2000]
]]></system-out>
  </testcase>
  <testcase name="healCheck" classname="consoles.Spireon" time="2.09">
    <failure message="An unknown server-side error occurred while processing the command. Original error: The desired should not include both of an &apos;appPackage&apos; and a &apos;browserName&apos; (WARNING: The server did not provide any stacktrace information)&#10;Command duration or timeout: 811 milliseconds&#10;Build info: version: &apos;2.53.1&apos;, revision: &apos;a36b8b1cd5757287168e54b817830adce9b0158d&apos;, time: &apos;2016-06-30 19:26:09&apos;&#10;System info: host: &apos;manju-PC&apos;, ip: &apos;192.168.0.106&apos;, os.name: &apos;Windows 7&apos;, os.arch: &apos;amd64&apos;, os.version: &apos;6.1&apos;, java.version: &apos;1.8.0_111&apos;&#10;Driver info: io.appium.java_client.android.AndroidDriver" type="org.openqa.selenium.WebDriverException"><![CDATA[org.openqa.selenium.WebDriverException: An unknown server-side error occurred while processing the command. Original error: The desired should not include both of an 'appPackage' and a 'browserName' (WARNING: The server did not provide any stacktrace information)
Command duration or timeout: 811 milliseconds
Build info: version: '2.53.1', revision: 'a36b8b1cd5757287168e54b817830adce9b0158d', time: '2016-06-30 19:26:09'
System info: host: 'manju-PC', ip: '192.168.0.106', os.name: 'Windows 7', os.arch: 'amd64', os.version: '6.1', java.version: '1.8.0_111'
Driver info: io.appium.java_client.android.AndroidDriver
	at sun.reflect.NativeConstructorAccessorImpl.newInstance0(Native Method)
	at sun.reflect.NativeConstructorAccessorImpl.newInstance(NativeConstructorAccessorImpl.java:62)
	at sun.reflect.DelegatingConstructorAccessorImpl.newInstance(DelegatingConstructorAccessorImpl.java:45)
	at java.lang.reflect.Constructor.newInstance(Constructor.java:423)
	at org.openqa.selenium.remote.ErrorHandler.createThrowable(ErrorHandler.java:206)
	at org.openqa.selenium.remote.ErrorHandler.throwIfResponseFailed(ErrorHandler.java:158)
	at org.openqa.selenium.remote.RemoteWebDriver.execute(RemoteWebDriver.java:678)
	at io.appium.java_client.DefaultGenericMobileDriver.execute(DefaultGenericMobileDriver.java:42)
	at io.appium.java_client.AppiumDriver.execute(AppiumDriver.java:1)
	at io.appium.java_client.android.AndroidDriver.execute(AndroidDriver.java:1)
	at org.openqa.selenium.remote.RemoteWebDriver.startSession(RemoteWebDriver.java:249)
	at org.openqa.selenium.remote.RemoteWebDriver.<init>(RemoteWebDriver.java:131)
	at org.openqa.selenium.remote.RemoteWebDriver.<init>(RemoteWebDriver.java:144)
	at io.appium.java_client.DefaultGenericMobileDriver.<init>(DefaultGenericMobileDriver.java:37)
	at io.appium.java_client.AppiumDriver.<init>(AppiumDriver.java:162)
	at io.appium.java_client.AppiumDriver.<init>(AppiumDriver.java:171)
	at io.appium.java_client.android.AndroidDriver.<init>(AndroidDriver.java:72)
	at consoles.Spireon.healCheck(Spireon.java:117)
]]></failure>
  </testcase>
  <testcase name="healCheck" classname="consoles.ProdR3" time="4.497">
    <failure message="An unknown server-side error occurred while processing the command. Original error: The desired should not include both of an &apos;appPackage&apos; and a &apos;browserName&apos; (WARNING: The server did not provide any stacktrace information)&#10;Command duration or timeout: 3.27 seconds&#10;Build info: version: &apos;2.53.1&apos;, revision: &apos;a36b8b1cd5757287168e54b817830adce9b0158d&apos;, time: &apos;2016-06-30 19:26:09&apos;&#10;System info: host: &apos;manju-PC&apos;, ip: &apos;192.168.0.106&apos;, os.name: &apos;Windows 7&apos;, os.arch: &apos;amd64&apos;, os.version: &apos;6.1&apos;, java.version: &apos;1.8.0_111&apos;&#10;Driver info: io.appium.java_client.android.AndroidDriver" type="org.openqa.selenium.WebDriverException"><![CDATA[org.openqa.selenium.WebDriverException: An unknown server-side error occurred while processing the command. Original error: The desired should not include both of an 'appPackage' and a 'browserName' (WARNING: The server did not provide any stacktrace information)
Command duration or timeout: 3.27 seconds
Build info: version: '2.53.1', revision: 'a36b8b1cd5757287168e54b817830adce9b0158d', time: '2016-06-30 19:26:09'
System info: host: 'manju-PC', ip: '192.168.0.106', os.name: 'Windows 7', os.arch: 'amd64', os.version: '6.1', java.version: '1.8.0_111'
Driver info: io.appium.java_client.android.AndroidDriver
	at sun.reflect.NativeConstructorAccessorImpl.newInstance0(Native Method)
	at sun.reflect.NativeConstructorAccessorImpl.newInstance(NativeConstructorAccessorImpl.java:62)
	at sun.reflect.DelegatingConstructorAccessorImpl.newInstance(DelegatingConstructorAccessorImpl.java:45)
	at java.lang.reflect.Constructor.newInstance(Constructor.java:423)
	at org.openqa.selenium.remote.ErrorHandler.createThrowable(ErrorHandler.java:206)
	at org.openqa.selenium.remote.ErrorHandler.throwIfResponseFailed(ErrorHandler.java:158)
	at org.openqa.selenium.remote.RemoteWebDriver.execute(RemoteWebDriver.java:678)
	at io.appium.java_client.DefaultGenericMobileDriver.execute(DefaultGenericMobileDriver.java:42)
	at io.appium.java_client.AppiumDriver.execute(AppiumDriver.java:1)
	at io.appium.java_client.android.AndroidDriver.execute(AndroidDriver.java:1)
	at org.openqa.selenium.remote.RemoteWebDriver.startSession(RemoteWebDriver.java:249)
	at org.openqa.selenium.remote.RemoteWebDriver.<init>(RemoteWebDriver.java:131)
	at org.openqa.selenium.remote.RemoteWebDriver.<init>(RemoteWebDriver.java:144)
	at io.appium.java_client.DefaultGenericMobileDriver.<init>(DefaultGenericMobileDriver.java:37)
	at io.appium.java_client.AppiumDriver.<init>(AppiumDriver.java:162)
	at io.appium.java_client.AppiumDriver.<init>(AppiumDriver.java:171)
	at io.appium.java_client.android.AndroidDriver.<init>(AndroidDriver.java:72)
	at consoles.ProdR3.healCheck(ProdR3.java:134)
]]></failure>
    <system-out><![CDATA[04-15-2020 16:31:33 Wire.java DEBUG [Forwarding newSession on session null to remote] http.wire 72 - http-outgoing-0 << "HTTP/1.1 500 Internal Server Error[\r][\n]"
04-15-2020 16:31:33 Wire.java DEBUG [Forwarding newSession on session null to remote] http.wire 72 - http-outgoing-0 << "X-Powered-By: Express[\r][\n]"
04-15-2020 16:31:33 Wire.java DEBUG [Forwarding newSession on session null to remote] http.wire 72 - http-outgoing-0 << "Vary: X-HTTP-Method-Override[\r][\n]"
04-15-2020 16:31:33 Wire.java DEBUG [Forwarding newSession on session null to remote] http.wire 72 - http-outgoing-0 << "Content-Type: application/json; charset=utf-8[\r][\n]"
04-15-2020 16:31:33 Wire.java DEBUG [Forwarding newSession on session null to remote] http.wire 72 - http-outgoing-0 << "Content-Length: 211[\r][\n]"
04-15-2020 16:31:33 Wire.java DEBUG [Forwarding newSession on session null to remote] http.wire 72 - http-outgoing-0 << "ETag: W/"d3-xxfBrvFh8h9+6EL+pNHI6a3McW4"[\r][\n]"
04-15-2020 16:31:33 Wire.java DEBUG [Forwarding newSession on session null to remote] http.wire 72 - http-outgoing-0 << "Date: Wed, 15 Apr 2020 11:01:33 GMT[\r][\n]"
04-15-2020 16:31:33 Wire.java DEBUG [Forwarding newSession on session null to remote] http.wire 72 - http-outgoing-0 << "Connection: keep-alive[\r][\n]"
04-15-2020 16:31:33 Wire.java DEBUG [Forwarding newSession on session null to remote] http.wire 72 - http-outgoing-0 << "[\r][\n]"
04-15-2020 16:31:33 Wire.java DEBUG [Forwarding newSession on session null to remote] http.wire 86 - http-outgoing-0 << "{"status":13,"value":{"message":"An unknown server-side error occurred while processing the command. Original error: The desired should not include both of an 'appPackage' and a 'browserName'"},"sessionId":null}"
04-15-2020 16:31:33 LoggingManagedHttpClientConnection.java DEBUG [Forwarding newSession on session null to remote] http.headers 113 - http-outgoing-0 << HTTP/1.1 500 Internal Server Error
04-15-2020 16:31:33 LoggingManagedHttpClientConnection.java DEBUG [Forwarding newSession on session null to remote] http.headers 116 - http-outgoing-0 << X-Powered-By: Express
04-15-2020 16:31:33 LoggingManagedHttpClientConnection.java DEBUG [Forwarding newSession on session null to remote] http.headers 116 - http-outgoing-0 << Vary: X-HTTP-Method-Override
04-15-2020 16:31:33 LoggingManagedHttpClientConnection.java DEBUG [Forwarding newSession on session null to remote] http.headers 116 - http-outgoing-0 << Content-Type: application/json; charset=utf-8
04-15-2020 16:31:33 LoggingManagedHttpClientConnection.java DEBUG [Forwarding newSession on session null to remote] http.headers 116 - http-outgoing-0 << Content-Length: 211
04-15-2020 16:31:33 LoggingManagedHttpClientConnection.java DEBUG [Forwarding newSession on session null to remote] http.headers 116 - http-outgoing-0 << ETag: W/"d3-xxfBrvFh8h9+6EL+pNHI6a3McW4"
04-15-2020 16:31:33 LoggingManagedHttpClientConnection.java DEBUG [Forwarding newSession on session null to remote] http.headers 116 - http-outgoing-0 << Date: Wed, 15 Apr 2020 11:01:33 GMT
04-15-2020 16:31:33 LoggingManagedHttpClientConnection.java DEBUG [Forwarding newSession on session null to remote] http.headers 116 - http-outgoing-0 << Connection: keep-alive
04-15-2020 16:31:33 MainClientExec.java DEBUG [Forwarding newSession on session null to remote] execchain.MainClientExec 267 - Connection can be kept alive indefinitely
04-15-2020 16:31:33 PoolingHttpClientConnectionManager.java DEBUG [Forwarding newSession on session null to remote] conn.PoolingHttpClientConnectionManager 276 - Connection [id: 0][route: {}->http://127.0.0.1:4723] can be kept alive indefinitely
04-15-2020 16:31:33 PoolingHttpClientConnectionManager.java DEBUG [Forwarding newSession on session null to remote] conn.PoolingHttpClientConnectionManager 282 - Connection released: [id: 0][route: {}->http://127.0.0.1:4723][total kept alive: 3; route allocated: 3 of 2000; total allocated: 3 of 2000]
]]></system-out>
  </testcase>
</testsuite>